<?xml version="1.0" encoding="UTF-8"?>
<!-- Generated by org.testng.reporters.JUnitReportReporter -->
<testsuite hostname="DESKTOP-9L4BQP1" failures="0" tests="1" name="QAPractice.MavenNewProject.Practice" time="17.870" errors="0" timestamp="31 Mar 2020 18:09:59 GMT" skipped="0">
  <testcase classname="QAPractice.MavenNewProject.Practice" name="URL" time="17.870"/>
</testsuite> <!-- QAPractice.MavenNewProject.Practice -->
