<?xml version="1.0" encoding="UTF-8"?>
<!-- Generated by org.testng.reporters.JUnitReportReporter -->
<testsuite hostname="DESKTOP-9L4BQP1" failures="0" tests="2" name="QAPractice.MavenNewProject.Practice2" time="0.021" errors="0" timestamp="31 Mar 2020 18:09:59 GMT" skipped="0">
  <testcase classname="QAPractice.MavenNewProject.Practice2" name="abd" time="0.004"/>
  <testcase classname="QAPractice.MavenNewProject.Practice2" name="abc" time="0.017"/>
</testsuite> <!-- QAPractice.MavenNewProject.Practice2 -->
