<?xml version="1.0" encoding="UTF-8"?>
<!-- Generated by org.testng.reporters.JUnitReportReporter -->
<testsuite hostname="DESKTOP-9L4BQP1" failures="0" tests="1" name="QAPractice.MavenNewProject.SeleniumTest" time="12.240" errors="0" timestamp="2020-04-05T19:35:40 IST" skipped="0">
  <testcase classname="QAPractice.MavenNewProject.SeleniumTest" name="URL" time="12.240"/>
  <system-out/>
</testsuite> <!-- QAPractice.MavenNewProject.SeleniumTest -->
